
*** Running vivado
    with args -log CE869_CPU_SYS.vds -m64 -product Vivado -mode batch -messageDb vivado.pb -notrace -source CE869_CPU_SYS.tcl



****** Vivado v2021.2 (64-bit)
  **** SW Build 3367213 on Tue Oct 19 02:48:09 MDT 2021
  **** IP Build 3369179 on Thu Oct 21 08:25:16 MDT 2021
    ** Copyright 1986-2021 Xilinx, Inc. All Rights Reserved.

source CE869_CPU_SYS.tcl -notrace
Command: read_checkpoint -auto_incremental -incremental C:/Users/mk23561/Assigment2/Assigment2.srcs/utils_1/imports/synth_1/CE869_CPU.dcp
INFO: [Vivado 12-5825] Read reference checkpoint from C:/Users/mk23561/Assigment2/Assigment2.srcs/utils_1/imports/synth_1/CE869_CPU.dcp for incremental synthesis
INFO: [Vivado 12-7989] Please ensure there are no constraint changes
Command: synth_design -top CE869_CPU_SYS -part xc7a35tcpg236-1
Starting synth_design
Attempting to get a license for feature 'Synthesis' and/or device 'xc7a35t'
INFO: [Common 17-349] Got license for feature 'Synthesis' and/or device 'xc7a35t'
INFO: [Device 21-403] Loading part xc7a35tcpg236-1
INFO: [Synth 8-7079] Multithreading enabled for synth_design using a maximum of 2 processes.
INFO: [Synth 8-7078] Launching helper process for spawning children vivado processes
INFO: [Synth 8-7075] Helper process launched with PID 10316
---------------------------------------------------------------------------------
Starting RTL Elaboration : Time (s): cpu = 00:00:02 ; elapsed = 00:00:03 . Memory (MB): peak = 1260.238 ; gain = 0.000
---------------------------------------------------------------------------------
INFO: [Synth 8-638] synthesizing module 'CE869_CPU_SYS' [M:/pc/desktop/HighLevelLogic/Assigment2/Assigment2/Assigment2.srcs/sources_1/new/CE869_CPU_SYS.vhd:31]
INFO: [Synth 8-638] synthesizing module 'CE869_CPU' [M:/pc/desktop/HighLevelLogic/Assigment2/Assigment2/Assigment2.srcs/sources_1/new/CE869_CPU.vhd:14]
INFO: [Synth 8-638] synthesizing module 'ROM' [M:/pc/desktop/HighLevelLogic/Assigment2/Assigment2/Assigment2.srcs/sources_1/new/ROM.vhd:51]
WARNING: [Synth 8-614] signal 'memory' is read in the process but is not in the sensitivity list [M:/pc/desktop/HighLevelLogic/Assigment2/Assigment2/Assigment2.srcs/sources_1/new/ROM.vhd:85]
WARNING: [Synth 8-614] signal 'adress' is read in the process but is not in the sensitivity list [M:/pc/desktop/HighLevelLogic/Assigment2/Assigment2/Assigment2.srcs/sources_1/new/ROM.vhd:85]
WARNING: [Synth 8-3848] Net memory[10] in module/entity ROM does not have driver. [M:/pc/desktop/HighLevelLogic/Assigment2/Assigment2/Assigment2.srcs/sources_1/new/ROM.vhd:54]
WARNING: [Synth 8-3848] Net memory[11] in module/entity ROM does not have driver. [M:/pc/desktop/HighLevelLogic/Assigment2/Assigment2/Assigment2.srcs/sources_1/new/ROM.vhd:54]
WARNING: [Synth 8-3848] Net memory[12] in module/entity ROM does not have driver. [M:/pc/desktop/HighLevelLogic/Assigment2/Assigment2/Assigment2.srcs/sources_1/new/ROM.vhd:54]
WARNING: [Synth 8-3848] Net memory[13] in module/entity ROM does not have driver. [M:/pc/desktop/HighLevelLogic/Assigment2/Assigment2/Assigment2.srcs/sources_1/new/ROM.vhd:54]
WARNING: [Synth 8-3848] Net memory[14] in module/entity ROM does not have driver. [M:/pc/desktop/HighLevelLogic/Assigment2/Assigment2/Assigment2.srcs/sources_1/new/ROM.vhd:54]
WARNING: [Synth 8-3848] Net memory[15] in module/entity ROM does not have driver. [M:/pc/desktop/HighLevelLogic/Assigment2/Assigment2/Assigment2.srcs/sources_1/new/ROM.vhd:54]
INFO: [Synth 8-256] done synthesizing module 'ROM' (1#1) [M:/pc/desktop/HighLevelLogic/Assigment2/Assigment2/Assigment2.srcs/sources_1/new/ROM.vhd:51]
INFO: [Synth 8-256] done synthesizing module 'CE869_CPU' (2#1) [M:/pc/desktop/HighLevelLogic/Assigment2/Assigment2/Assigment2.srcs/sources_1/new/CE869_CPU.vhd:14]
INFO: [Synth 8-638] synthesizing module 'frequency_divider' [M:/pc/desktop/HighLevelLogic/Assignments/23-24_CE869_kaczmarczyk_michal_p/assignment1.srcs/sources_1/new/frequency_divider.vhd:45]
INFO: [Synth 8-256] done synthesizing module 'frequency_divider' (3#1) [M:/pc/desktop/HighLevelLogic/Assignments/23-24_CE869_kaczmarczyk_michal_p/assignment1.srcs/sources_1/new/frequency_divider.vhd:45]
INFO: [Synth 8-638] synthesizing module 'four_digits' [M:/pc/desktop/HighLevelLogic/Assignments/23-24_CE869_kaczmarczyk_michal_p/assignment1.srcs/sources_1/new/four_digits.vhd:51]
INFO: [Synth 8-638] synthesizing module 'one_digit' [M:/pc/desktop/HighLevelLogic/Assignments/23-24_CE869_kaczmarczyk_michal_p/assignment1.srcs/sources_1/new/one_digit.vhd:44]
INFO: [Synth 8-256] done synthesizing module 'one_digit' (4#1) [M:/pc/desktop/HighLevelLogic/Assignments/23-24_CE869_kaczmarczyk_michal_p/assignment1.srcs/sources_1/new/one_digit.vhd:44]
INFO: [Synth 8-256] done synthesizing module 'four_digits' (5#1) [M:/pc/desktop/HighLevelLogic/Assignments/23-24_CE869_kaczmarczyk_michal_p/assignment1.srcs/sources_1/new/four_digits.vhd:51]
INFO: [Synth 8-256] done synthesizing module 'CE869_CPU_SYS' (6#1) [M:/pc/desktop/HighLevelLogic/Assigment2/Assigment2/Assigment2.srcs/sources_1/new/CE869_CPU_SYS.vhd:31]
WARNING: [Synth 8-7129] Port clk in module ROM is either unconnected or has no load
WARNING: [Synth 8-7129] Port data_output[15] in module CE869_CPU is either unconnected or has no load
WARNING: [Synth 8-7129] Port data_output[14] in module CE869_CPU is either unconnected or has no load
WARNING: [Synth 8-7129] Port data_output[13] in module CE869_CPU is either unconnected or has no load
WARNING: [Synth 8-7129] Port data_output[12] in module CE869_CPU is either unconnected or has no load
WARNING: [Synth 8-7129] Port data_output[11] in module CE869_CPU is either unconnected or has no load
WARNING: [Synth 8-7129] Port data_output[10] in module CE869_CPU is either unconnected or has no load
WARNING: [Synth 8-7129] Port reset in module CE869_CPU is either unconnected or has no load
WARNING: [Synth 8-7129] Port data_input[15] in module CE869_CPU is either unconnected or has no load
WARNING: [Synth 8-7129] Port data_input[14] in module CE869_CPU is either unconnected or has no load
WARNING: [Synth 8-7129] Port data_input[13] in module CE869_CPU is either unconnected or has no load
WARNING: [Synth 8-7129] Port data_input[12] in module CE869_CPU is either unconnected or has no load
WARNING: [Synth 8-7129] Port data_input[11] in module CE869_CPU is either unconnected or has no load
WARNING: [Synth 8-7129] Port data_input[10] in module CE869_CPU is either unconnected or has no load
WARNING: [Synth 8-7129] Port data_input[9] in module CE869_CPU is either unconnected or has no load
WARNING: [Synth 8-7129] Port data_input[8] in module CE869_CPU is either unconnected or has no load
WARNING: [Synth 8-7129] Port data_input[7] in module CE869_CPU is either unconnected or has no load
WARNING: [Synth 8-7129] Port data_input[6] in module CE869_CPU is either unconnected or has no load
WARNING: [Synth 8-7129] Port data_input[5] in module CE869_CPU is either unconnected or has no load
WARNING: [Synth 8-7129] Port data_input[4] in module CE869_CPU is either unconnected or has no load
---------------------------------------------------------------------------------
Finished RTL Elaboration : Time (s): cpu = 00:00:03 ; elapsed = 00:00:04 . Memory (MB): peak = 1260.238 ; gain = 0.000
---------------------------------------------------------------------------------
---------------------------------------------------------------------------------
Start Handling Custom Attributes
---------------------------------------------------------------------------------
---------------------------------------------------------------------------------
Finished Handling Custom Attributes : Time (s): cpu = 00:00:03 ; elapsed = 00:00:05 . Memory (MB): peak = 1260.238 ; gain = 0.000
---------------------------------------------------------------------------------
---------------------------------------------------------------------------------
Finished RTL Optimization Phase 1 : Time (s): cpu = 00:00:03 ; elapsed = 00:00:05 . Memory (MB): peak = 1260.238 ; gain = 0.000
---------------------------------------------------------------------------------
Netlist sorting complete. Time (s): cpu = 00:00:00 ; elapsed = 00:00:00.002 . Memory (MB): peak = 1260.238 ; gain = 0.000
INFO: [Project 1-570] Preparing netlist for logic optimization

Processing XDC Constraints
Initializing timing engine
Parsing XDC File [M:/pc/desktop/HighLevelLogic/Assigment2/Basys-3-Master.xdc]
WARNING: [Vivado 12-584] No ports matched 'dp'. [M:/pc/desktop/HighLevelLogic/Assigment2/Basys-3-Master.xdc:58]
CRITICAL WARNING: [Common 17-55] 'set_property' expects at least one object. [M:/pc/desktop/HighLevelLogic/Assigment2/Basys-3-Master.xdc:58]
Resolution: If [get_<value>] was used to populate the object, check to make sure this command returns at least one valid object.
WARNING: [Vivado 12-507] No nets matched 'btnC_IBUF'. [M:/pc/desktop/HighLevelLogic/Assigment2/Basys-3-Master.xdc:68]
CRITICAL WARNING: [Common 17-55] 'set_property' expects at least one object. [M:/pc/desktop/HighLevelLogic/Assigment2/Basys-3-Master.xdc:68]
Resolution: If [get_<value>] was used to populate the object, check to make sure this command returns at least one valid object.
WARNING: [Vivado 12-584] No ports matched 'btnU'. [M:/pc/desktop/HighLevelLogic/Assigment2/Basys-3-Master.xdc:71]
CRITICAL WARNING: [Common 17-55] 'set_property' expects at least one object. [M:/pc/desktop/HighLevelLogic/Assigment2/Basys-3-Master.xdc:71]
Resolution: If [get_<value>] was used to populate the object, check to make sure this command returns at least one valid object.
WARNING: [Vivado 12-507] No nets matched 'btnU_IBUF'. [M:/pc/desktop/HighLevelLogic/Assigment2/Basys-3-Master.xdc:72]
CRITICAL WARNING: [Common 17-55] 'set_property' expects at least one object. [M:/pc/desktop/HighLevelLogic/Assigment2/Basys-3-Master.xdc:72]
Resolution: If [get_<value>] was used to populate the object, check to make sure this command returns at least one valid object.
WARNING: [Vivado 12-584] No ports matched 'btnD'. [M:/pc/desktop/HighLevelLogic/Assigment2/Basys-3-Master.xdc:75]
CRITICAL WARNING: [Common 17-55] 'set_property' expects at least one object. [M:/pc/desktop/HighLevelLogic/Assigment2/Basys-3-Master.xdc:75]
Resolution: If [get_<value>] was used to populate the object, check to make sure this command returns at least one valid object.
WARNING: [Vivado 12-507] No nets matched 'btnD_IBUF'. [M:/pc/desktop/HighLevelLogic/Assigment2/Basys-3-Master.xdc:76]
CRITICAL WARNING: [Common 17-55] 'set_property' expects at least one object. [M:/pc/desktop/HighLevelLogic/Assigment2/Basys-3-Master.xdc:76]
Resolution: If [get_<value>] was used to populate the object, check to make sure this command returns at least one valid object.
Finished Parsing XDC File [M:/pc/desktop/HighLevelLogic/Assigment2/Basys-3-Master.xdc]
INFO: [Project 1-236] Implementation specific constraints were found while reading constraint file [M:/pc/desktop/HighLevelLogic/Assigment2/Basys-3-Master.xdc]. These constraints will be ignored for synthesis but will be used in implementation. Impacted constraints are listed in the file [.Xil/CE869_CPU_SYS_propImpl.xdc].
Resolution: To avoid this warning, move constraints listed in [.Xil/CE869_CPU_SYS_propImpl.xdc] to another XDC file and exclude this new file from synthesis with the used_in_synthesis property (File Properties dialog in GUI) and re-run elaboration/synthesis.
Completed Processing XDC Constraints

Netlist sorting complete. Time (s): cpu = 00:00:00 ; elapsed = 00:00:00 . Memory (MB): peak = 1260.238 ; gain = 0.000
INFO: [Project 1-111] Unisim Transformation Summary:
No Unisim elements were transformed.

Constraint Validation Runtime : Time (s): cpu = 00:00:00 ; elapsed = 00:00:00.004 . Memory (MB): peak = 1260.238 ; gain = 0.000
---------------------------------------------------------------------------------
Finished Constraint Validation : Time (s): cpu = 00:00:07 ; elapsed = 00:00:09 . Memory (MB): peak = 1260.238 ; gain = 0.000
---------------------------------------------------------------------------------
---------------------------------------------------------------------------------
Start Loading Part and Timing Information
---------------------------------------------------------------------------------
Loading part: xc7a35tcpg236-1
---------------------------------------------------------------------------------
Finished Loading Part and Timing Information : Time (s): cpu = 00:00:07 ; elapsed = 00:00:09 . Memory (MB): peak = 1260.238 ; gain = 0.000
---------------------------------------------------------------------------------
---------------------------------------------------------------------------------
Start Applying 'set_property' XDC Constraints
---------------------------------------------------------------------------------
---------------------------------------------------------------------------------
Finished applying 'set_property' XDC Constraints : Time (s): cpu = 00:00:07 ; elapsed = 00:00:09 . Memory (MB): peak = 1260.238 ; gain = 0.000
---------------------------------------------------------------------------------
---------------------------------------------------------------------------------
Start Preparing Guide Design
---------------------------------------------------------------------------------
CRITICAL WARNING: [Synth 8-6895] The reference checkpoint C:/Users/mk23561/Assigment2/Assigment2.srcs/utils_1/imports/synth_1/CE869_CPU.dcp is not suitable for use with incremental synthesis for this design. Please regenerate the checkpoint for this design with -incremental_synth switch in the same Vivado session that synth_design has been run. Synthesis will continue with the default flow
---------------------------------------------------------------------------------
Finished Doing Graph Differ : Time (s): cpu = 00:00:07 ; elapsed = 00:00:10 . Memory (MB): peak = 1260.238 ; gain = 0.000
---------------------------------------------------------------------------------
---------------------------------------------------------------------------------
Finished Preparing Guide Design : Time (s): cpu = 00:00:07 ; elapsed = 00:00:10 . Memory (MB): peak = 1260.238 ; gain = 0.000
---------------------------------------------------------------------------------
---------------------------------------------------------------------------------
Finished RTL Optimization Phase 2 : Time (s): cpu = 00:00:07 ; elapsed = 00:00:10 . Memory (MB): peak = 1260.238 ; gain = 0.000
---------------------------------------------------------------------------------


Incremental Synthesis Report Summary:

1. Incremental synthesis run: no

   Reason for not running incremental synthesis : 


INFO: [Synth 8-7130] Flow is switching to default flow due to incremental criteria not met. If you would like to alter this behaviour and have the flow terminate instead, please set the following parameter config_implementation {autoIncr.Synth.RejectBehavior Terminate}
---------------------------------------------------------------------------------
Start RTL Component Statistics 
---------------------------------------------------------------------------------
Detailed RTL Component Info : 
+---Adders : 
	   2 Input   32 Bit       Adders := 1     
	   2 Input    2 Bit       Adders := 1     
+---Registers : 
	                4 Bit    Registers := 2     
	                2 Bit    Registers := 1     
	                1 Bit    Registers := 2     
+---Muxes : 
	  16 Input   10 Bit        Muxes := 1     
	   4 Input    4 Bit        Muxes := 2     
---------------------------------------------------------------------------------
Finished RTL Component Statistics 
---------------------------------------------------------------------------------
---------------------------------------------------------------------------------
Start Part Resource Summary
---------------------------------------------------------------------------------
Part Resources:
DSPs: 90 (col length:60)
BRAMs: 100 (col length: RAMB18 60 RAMB36 30)
---------------------------------------------------------------------------------
Finished Part Resource Summary
---------------------------------------------------------------------------------
---------------------------------------------------------------------------------
Start Cross Boundary and Area Optimization
---------------------------------------------------------------------------------
WARNING: [Synth 8-7080] Parallel synthesis criteria is not met
WARNING: [Synth 8-7129] Port btnC in module CE869_CPU_SYS is either unconnected or has no load
WARNING: [Synth 8-7129] Port sw[15] in module CE869_CPU_SYS is either unconnected or has no load
WARNING: [Synth 8-7129] Port sw[14] in module CE869_CPU_SYS is either unconnected or has no load
WARNING: [Synth 8-7129] Port sw[13] in module CE869_CPU_SYS is either unconnected or has no load
WARNING: [Synth 8-7129] Port sw[12] in module CE869_CPU_SYS is either unconnected or has no load
WARNING: [Synth 8-7129] Port sw[11] in module CE869_CPU_SYS is either unconnected or has no load
WARNING: [Synth 8-7129] Port sw[10] in module CE869_CPU_SYS is either unconnected or has no load
WARNING: [Synth 8-7129] Port sw[9] in module CE869_CPU_SYS is either unconnected or has no load
WARNING: [Synth 8-7129] Port sw[8] in module CE869_CPU_SYS is either unconnected or has no load
WARNING: [Synth 8-7129] Port sw[7] in module CE869_CPU_SYS is either unconnected or has no load
WARNING: [Synth 8-7129] Port sw[6] in module CE869_CPU_SYS is either unconnected or has no load
WARNING: [Synth 8-7129] Port sw[5] in module CE869_CPU_SYS is either unconnected or has no load
WARNING: [Synth 8-7129] Port sw[4] in module CE869_CPU_SYS is either unconnected or has no load
---------------------------------------------------------------------------------
Finished Cross Boundary and Area Optimization : Time (s): cpu = 00:00:08 ; elapsed = 00:00:12 . Memory (MB): peak = 1260.238 ; gain = 0.000
---------------------------------------------------------------------------------
---------------------------------------------------------------------------------
Start Applying XDC Timing Constraints
---------------------------------------------------------------------------------
---------------------------------------------------------------------------------
Finished Applying XDC Timing Constraints : Time (s): cpu = 00:00:12 ; elapsed = 00:00:15 . Memory (MB): peak = 1260.238 ; gain = 0.000
---------------------------------------------------------------------------------
---------------------------------------------------------------------------------
Start Timing Optimization
---------------------------------------------------------------------------------
---------------------------------------------------------------------------------
Finished Timing Optimization : Time (s): cpu = 00:00:12 ; elapsed = 00:00:15 . Memory (MB): peak = 1260.238 ; gain = 0.000
---------------------------------------------------------------------------------
---------------------------------------------------------------------------------
Start Technology Mapping
---------------------------------------------------------------------------------
---------------------------------------------------------------------------------
Finished Technology Mapping : Time (s): cpu = 00:00:12 ; elapsed = 00:00:15 . Memory (MB): peak = 1260.238 ; gain = 0.000
---------------------------------------------------------------------------------
---------------------------------------------------------------------------------
Start IO Insertion
---------------------------------------------------------------------------------
---------------------------------------------------------------------------------
Start Flattening Before IO Insertion
---------------------------------------------------------------------------------
---------------------------------------------------------------------------------
Finished Flattening Before IO Insertion
---------------------------------------------------------------------------------
---------------------------------------------------------------------------------
Start Final Netlist Cleanup
---------------------------------------------------------------------------------
---------------------------------------------------------------------------------
Finished Final Netlist Cleanup
---------------------------------------------------------------------------------
---------------------------------------------------------------------------------
Finished IO Insertion : Time (s): cpu = 00:00:14 ; elapsed = 00:00:18 . Memory (MB): peak = 1260.238 ; gain = 0.000
---------------------------------------------------------------------------------
---------------------------------------------------------------------------------
Start Renaming Generated Instances
---------------------------------------------------------------------------------
---------------------------------------------------------------------------------
Finished Renaming Generated Instances : Time (s): cpu = 00:00:14 ; elapsed = 00:00:18 . Memory (MB): peak = 1260.238 ; gain = 0.000
---------------------------------------------------------------------------------
---------------------------------------------------------------------------------
Start Rebuilding User Hierarchy
---------------------------------------------------------------------------------
---------------------------------------------------------------------------------
Finished Rebuilding User Hierarchy : Time (s): cpu = 00:00:14 ; elapsed = 00:00:18 . Memory (MB): peak = 1260.238 ; gain = 0.000
---------------------------------------------------------------------------------
---------------------------------------------------------------------------------
Start Renaming Generated Ports
---------------------------------------------------------------------------------
---------------------------------------------------------------------------------
Finished Renaming Generated Ports : Time (s): cpu = 00:00:14 ; elapsed = 00:00:18 . Memory (MB): peak = 1260.238 ; gain = 0.000
---------------------------------------------------------------------------------
---------------------------------------------------------------------------------
Start Handling Custom Attributes
---------------------------------------------------------------------------------
---------------------------------------------------------------------------------
Finished Handling Custom Attributes : Time (s): cpu = 00:00:14 ; elapsed = 00:00:18 . Memory (MB): peak = 1260.238 ; gain = 0.000
---------------------------------------------------------------------------------
---------------------------------------------------------------------------------
Start Renaming Generated Nets
---------------------------------------------------------------------------------
---------------------------------------------------------------------------------
Finished Renaming Generated Nets : Time (s): cpu = 00:00:14 ; elapsed = 00:00:18 . Memory (MB): peak = 1260.238 ; gain = 0.000
---------------------------------------------------------------------------------
---------------------------------------------------------------------------------
Start Writing Synthesis Report
---------------------------------------------------------------------------------

Report BlackBoxes: 
+-+--------------+----------+
| |BlackBox name |Instances |
+-+--------------+----------+
+-+--------------+----------+

Report Cell Usage: 
+------+-------+------+
|      |Cell   |Count |
+------+-------+------+
|1     |BUFG   |     1|
|2     |CARRY4 |    16|
|3     |LUT1   |     2|
|4     |LUT2   |     7|
|5     |LUT6   |     6|
|6     |FDRE   |    39|
|7     |IBUF   |     1|
|8     |OBUF   |    11|
+------+-------+------+
---------------------------------------------------------------------------------
Finished Writing Synthesis Report : Time (s): cpu = 00:00:14 ; elapsed = 00:00:18 . Memory (MB): peak = 1260.238 ; gain = 0.000
---------------------------------------------------------------------------------
Synthesis finished with 0 errors, 1 critical warnings and 14 warnings.
Synthesis Optimization Runtime : Time (s): cpu = 00:00:10 ; elapsed = 00:00:17 . Memory (MB): peak = 1260.238 ; gain = 0.000
Synthesis Optimization Complete : Time (s): cpu = 00:00:14 ; elapsed = 00:00:18 . Memory (MB): peak = 1260.238 ; gain = 0.000
INFO: [Project 1-571] Translating synthesized netlist
Netlist sorting complete. Time (s): cpu = 00:00:00 ; elapsed = 00:00:00.001 . Memory (MB): peak = 1260.238 ; gain = 0.000
INFO: [Netlist 29-17] Analyzing 16 Unisim elements for replacement
INFO: [Netlist 29-28] Unisim Transformation completed in 0 CPU seconds
INFO: [Project 1-570] Preparing netlist for logic optimization
INFO: [Opt 31-138] Pushed 0 inverter(s) to 0 load pin(s).
Netlist sorting complete. Time (s): cpu = 00:00:00 ; elapsed = 00:00:00 . Memory (MB): peak = 1260.238 ; gain = 0.000
INFO: [Project 1-111] Unisim Transformation Summary:
No Unisim elements were transformed.

Synth Design complete, checksum: 89dfcaf3
INFO: [Common 17-83] Releasing license: Synthesis
30 Infos, 48 Warnings, 7 Critical Warnings and 0 Errors encountered.
synth_design completed successfully
synth_design: Time (s): cpu = 00:00:17 ; elapsed = 00:00:22 . Memory (MB): peak = 1260.238 ; gain = 0.000
INFO: [runtcl-6] Synthesis results are not added to the cache due to CRITICAL_WARNING
INFO: [Common 17-1381] The checkpoint 'M:/pc/desktop/HighLevelLogic/Assigment2/Assigment2/Assigment2.runs/synth_1/CE869_CPU_SYS.dcp' has been generated.
INFO: [runtcl-4] Executing : report_utilization -file CE869_CPU_SYS_utilization_synth.rpt -pb CE869_CPU_SYS_utilization_synth.pb
INFO: [Common 17-206] Exiting Vivado at Thu Feb 29 15:05:12 2024...
